<?xml version="1.0" encoding="UTF-8"?>
<!-- Generated by org.testng.reporters.JUnitReportReporter -->
<testsuite skipped="0" hostname="LAPTOP-9C8UV8SG" name="tests.NewTest" tests="1" failures="0" timestamp="10 May 2020 11:08:03 GMT" time="3.679" errors="0">
  <testcase name="openMyBlog" time="3.679" classname="tests.NewTest"/>
</testsuite> <!-- tests.NewTest -->
